<?xml version="1.0" encoding="UTF-8"?>
<coverage generated="1610331009272" clover="3.2.0">
  <project timestamp="1610331009272" name="All files">
    <metrics statements="37" coveredstatements="28" conditionals="16" coveredconditionals="6" methods="7" coveredmethods="4" elements="60" coveredelements="38" complexity="0" loc="37" ncloc="37" packages="1" files="2" classes="2"/>
    <file name="index.ts" path="/home/nick/dev/random-word-slugs/index.ts">
      <metrics statements="27" coveredstatements="19" conditionals="10" coveredconditionals="3" methods="5" coveredmethods="3"/>
      <line num="1" count="1" type="stmt"/>
      <line num="24" count="1" type="cond" truecount="2" falsecount="0"/>
      <line num="25" count="1" type="stmt"/>
      <line num="30" count="1" type="stmt"/>
      <line num="35" count="1" type="stmt"/>
      <line num="37" count="1" type="stmt"/>
      <line num="38" count="3" type="stmt"/>
      <line num="39" count="3" type="stmt"/>
      <line num="43" count="3" type="stmt"/>
      <line num="44" count="3" type="stmt"/>
      <line num="47" count="1" type="stmt"/>
      <line num="50" count="1" type="stmt"/>
      <line num="53" count="1" type="stmt"/>
      <line num="54" count="1" type="stmt"/>
      <line num="55" count="2" type="stmt"/>
      <line num="57" count="1" type="stmt"/>
      <line num="58" count="1" type="stmt"/>
      <line num="62" count="1" type="cond" truecount="1" falsecount="1"/>
      <line num="63" count="1" type="stmt"/>
      <line num="65" count="0" type="cond" truecount="0" falsecount="2"/>
      <line num="66" count="0" type="stmt"/>
      <line num="68" count="0" type="cond" truecount="0" falsecount="2"/>
      <line num="69" count="0" type="stmt"/>
      <line num="73" count="0" type="cond" truecount="0" falsecount="2"/>
      <line num="74" count="0" type="stmt"/>
      <line num="76" count="0" type="stmt"/>
      <line num="78" count="0" type="stmt"/>
    </file>
    <file name="words.ts" path="/home/nick/dev/random-word-slugs/words.ts">
      <metrics statements="10" coveredstatements="9" conditionals="6" coveredconditionals="3" methods="2" coveredmethods="1"/>
      <line num="3" count="1" type="stmt"/>
      <line num="67" count="1" type="stmt"/>
      <line num="69" count="6" type="cond" truecount="1" falsecount="1"/>
      <line num="71" count="3" type="stmt"/>
      <line num="72" count="3" type="stmt"/>
      <line num="74" count="64" type="stmt"/>
      <line num="75" count="64" type="cond" truecount="1" falsecount="1"/>
      <line num="77" count="0" type="stmt"/>
      <line num="79" count="64" type="stmt"/>
      <line num="83" count="3" type="stmt"/>
    </file>
  </project>
</coverage>
