{"/home/nick/dev/random-word-slugs/index.ts": {"path":"/home/nick/dev/random-word-slugs/index.ts","statementMap":{"0":{"start":{"line":1,"column":0},"end":{"line":1,"column":72}},"1":{"start":{"line":24,"column":19},"end":{"line":24,"column":37}},"2":{"start":{"line":25,"column":66},"end":{"line":29,"column":4}},"3":{"start":{"line":30,"column":12},"end":{"line":32,"column":null}},"4":{"start":{"line":35,"column":16},"end":{"line":35,"column":18}},"5":{"start":{"line":37,"column":2},"end":{"line":45,"column":null}},"6":{"start":{"line":37,"column":15},"end":{"line":37,"column":16}},"7":{"start":{"line":38,"column":25},"end":{"line":38,"column":46}},"8":{"start":{"line":39,"column":23},"end":{"line":41,"column":null}},"9":{"start":{"line":43,"column":17},"end":{"line":43,"column":74}},"10":{"start":{"line":44,"column":4},"end":{"line":44,"column":21}},"11":{"start":{"line":47,"column":2},"end":{"line":47,"column":39}},"12":{"start":{"line":50,"column":0},"end":{"line":50,"column":31}},"13":{"start":{"line":53,"column":24},"end":{"line":53,"column":26}},"14":{"start":{"line":54,"column":2},"end":{"line":56,"column":null}},"15":{"start":{"line":54,"column":15},"end":{"line":54,"column":16}},"16":{"start":{"line":55,"column":4},"end":{"line":55,"column":36}},"17":{"start":{"line":57,"column":2},"end":{"line":57,"column":29}},"18":{"start":{"line":58,"column":2},"end":{"line":58,"column":61}},"19":{"start":{"line":62,"column":2},"end":{"line":64,"column":null}},"20":{"start":{"line":63,"column":4},"end":{"line":63,"column":39}},"21":{"start":{"line":65,"column":2},"end":{"line":72,"column":null}},"22":{"start":{"line":66,"column":4},"end":{"line":71,"column":16}},"23":{"start":{"line":68,"column":8},"end":{"line":68,"column":45}},"24":{"start":{"line":68,"column":21},"end":{"line":68,"column":45}},"25":{"start":{"line":69,"column":8},"end":{"line":69,"column":61}},"26":{"start":{"line":73,"column":2},"end":{"line":75,"column":null}},"27":{"start":{"line":74,"column":4},"end":{"line":74,"column":39}},"28":{"start":{"line":76,"column":2},"end":{"line":80,"column":15}},"29":{"start":{"line":78,"column":6},"end":{"line":78,"column":59}}},"fnMap":{"0":{"name":"randomWordSlugs","decl":{"start":{"line":20,"column":9},"end":{"line":20,"column":24}},"loc":{"start":{"line":22,"column":46},"end":{"line":48,"column":1}}},"1":{"name":"getDefaultPartsOfSpeech","decl":{"start":{"line":52,"column":9},"end":{"line":52,"column":32}},"loc":{"start":{"line":52,"column":60},"end":{"line":59,"column":1}}},"2":{"name":"formatter","decl":{"start":{"line":61,"column":9},"end":{"line":61,"column":18}},"loc":{"start":{"line":61,"column":48},"end":{"line":81,"column":1}}},"3":{"name":"(anonymous_5)","decl":{"start":{"line":67,"column":11},"end":{"line":67,"column":12}},"loc":{"start":{"line":67,"column":17},"end":{"line":70,"column":7}}},"4":{"name":"(anonymous_6)","decl":{"start":{"line":77,"column":9},"end":{"line":77,"column":10}},"loc":{"start":{"line":77,"column":12},"end":{"line":79,"column":5}}}},"branchMap":{"0":{"loc":{"start":{"line":24,"column":19},"end":{"line":24,"column":32}},"type":"binary-expr","locations":[{"start":{"line":24,"column":19},"end":{"line":24,"column":32}},{"start":{"line":24,"column":36},"end":{"line":24,"column":37}}]},"1":{"loc":{"start":{"line":62,"column":2},"end":{"line":64,"column":null}},"type":"if","locations":[{"start":{"line":62,"column":2},"end":{"line":64,"column":null}},{"start":{"line":62,"column":2},"end":{"line":64,"column":null}}]},"2":{"loc":{"start":{"line":65,"column":2},"end":{"line":72,"column":null}},"type":"if","locations":[{"start":{"line":65,"column":2},"end":{"line":72,"column":null}},{"start":{"line":65,"column":2},"end":{"line":72,"column":null}}]},"3":{"loc":{"start":{"line":68,"column":8},"end":{"line":68,"column":45}},"type":"if","locations":[{"start":{"line":68,"column":8},"end":{"line":68,"column":45}},{"start":{"line":68,"column":8},"end":{"line":68,"column":45}}]},"4":{"loc":{"start":{"line":73,"column":2},"end":{"line":75,"column":null}},"type":"if","locations":[{"start":{"line":73,"column":2},"end":{"line":75,"column":null}},{"start":{"line":73,"column":2},"end":{"line":75,"column":null}}]}},"s":{"0":1,"1":1,"2":1,"3":1,"4":1,"5":1,"6":1,"7":3,"8":3,"9":3,"10":3,"11":1,"12":1,"13":1,"14":1,"15":1,"16":2,"17":1,"18":1,"19":1,"20":1,"21":0,"22":0,"23":0,"24":0,"25":0,"26":0,"27":0,"28":0,"29":0},"f":{"0":1,"1":1,"2":1,"3":0,"4":0},"b":{"0":[1,1],"1":[1,0],"2":[0,0],"3":[0,0],"4":[0,0]}}
,"/home/nick/dev/random-word-slugs/words.ts": {"path":"/home/nick/dev/random-word-slugs/words.ts","statementMap":{"0":{"start":{"line":3,"column":13},"end":{"line":59,"column":2}},"1":{"start":{"line":69,"column":2},"end":{"line":69,"column":null}},"2":{"start":{"line":71,"column":29},"end":{"line":71,"column":48}},"3":{"start":{"line":72,"column":55},"end":{"line":72,"column":57}},"4":{"start":{"line":74,"column":2},"end":{"line":81,"column":null}},"5":{"start":{"line":74,"column":19},"end":{"line":74,"column":27}},"6":{"start":{"line":74,"column":19},"end":{"line":74,"column":41}},"7":{"start":{"line":74,"column":15},"end":{"line":74,"column":19}},"8":{"start":{"line":75,"column":4},"end":{"line":80,"column":null}},"9":{"start":{"line":77,"column":41},"end":{"line":77,"column":69}},"10":{"start":{"line":79,"column":6},"end":{"line":79,"column":36}},"11":{"start":{"line":83,"column":2},"end":{"line":83,"column":23}},"12":{"start":{"line":67,"column":0},"end":{"line":67,"column":16}}},"fnMap":{"0":{"name":"getWordsByCategory","decl":{"start":{"line":67,"column":16},"end":{"line":67,"column":34}},"loc":{"start":{"line":69,"column":34},"end":{"line":84,"column":1}}},"1":{"name":"(anonymous_1)","decl":{"start":{"line":77,"column":27},"end":{"line":77,"column":28}},"loc":{"start":{"line":77,"column":36},"end":{"line":77,"column":59}}}},"branchMap":{"0":{"loc":{"start":{"line":69,"column":2},"end":{"line":69,"column":null}},"type":"if","locations":[{"start":{"line":69,"column":2},"end":{"line":69,"column":null}},{"start":{"line":69,"column":2},"end":{"line":69,"column":null}}]},"1":{"loc":{"start":{"line":75,"column":4},"end":{"line":80,"column":null}},"type":"if","locations":[{"start":{"line":75,"column":4},"end":{"line":80,"column":null}},{"start":{"line":75,"column":4},"end":{"line":80,"column":null}}]},"2":{"loc":{"start":{"line":76,"column":6},"end":{"line":76,"column":29}},"type":"binary-expr","locations":[{"start":{"line":76,"column":6},"end":{"line":76,"column":29}},{"start":{"line":77,"column":6},"end":{"line":77,"column":69}}]}},"s":{"0":1,"1":6,"2":3,"3":3,"4":3,"5":3,"6":3,"7":64,"8":64,"9":0,"10":64,"11":3,"12":1},"f":{"0":3,"1":0},"b":{"0":[3,0],"1":[64,0],"2":[64,0]}}
}
