TN:
SF:index.ts
FN:20,randomWordSlugs
FN:52,getDefaultPartsOfSpeech
FN:61,formatter
FN:67,(anonymous_5)
FN:77,(anonymous_6)
FNF:5
FNH:3
FNDA:1,randomWordSlugs
FNDA:1,getDefaultPartsOfSpeech
FNDA:1,formatter
FNDA:0,(anonymous_5)
FNDA:0,(anonymous_6)
DA:1,1
DA:24,1
DA:25,1
DA:30,1
DA:35,1
DA:37,1
DA:38,3
DA:39,3
DA:43,3
DA:44,3
DA:47,1
DA:50,1
DA:53,1
DA:54,1
DA:55,2
DA:57,1
DA:58,1
DA:62,1
DA:63,1
DA:65,0
DA:66,0
DA:68,0
DA:69,0
DA:73,0
DA:74,0
DA:76,0
DA:78,0
LF:27
LH:19
BRDA:24,0,0,1
BRDA:24,0,1,1
BRDA:62,1,0,1
BRDA:62,1,1,0
BRDA:65,2,0,0
BRDA:65,2,1,0
BRDA:68,3,0,0
BRDA:68,3,1,0
BRDA:73,4,0,0
BRDA:73,4,1,0
BRF:10
BRH:3
end_of_record
TN:
SF:words.ts
FN:67,getWordsByCategory
FN:77,(anonymous_1)
FNF:2
FNH:1
FNDA:3,getWordsByCategory
FNDA:0,(anonymous_1)
DA:3,1
DA:67,1
DA:69,6
DA:71,3
DA:72,3
DA:74,64
DA:75,64
DA:77,0
DA:79,64
DA:83,3
LF:10
LH:9
BRDA:69,0,0,3
BRDA:69,0,1,0
BRDA:75,1,0,64
BRDA:75,1,1,0
BRDA:76,2,0,64
BRDA:76,2,1,0
BRF:6
BRH:3
end_of_record
